<?xml version="1.0" encoding="UTF-8"?>
<testng-results skipped="0" failed="0" ignored="0" total="1" passed="1">
  <reporter-output>
  </reporter-output>
  <suite name="CapitalShare" duration-ms="51920" started-at="2019-09-15T06:33:59Z" finished-at="2019-09-15T06:34:51Z">
    <groups>
    </groups>
    <test name="StockExchangeWeb Test" duration-ms="51920" started-at="2019-09-15T06:33:59Z" finished-at="2019-09-15T06:34:51Z">
      <class name="com.capitalshare.testScripts.TC_LoginTest_001">
        <test-method status="PASS" signature="setUp(java.lang.String)[pri:0, instance:com.capitalshare.testScripts.TC_LoginTest_001@204f30ec]" name="setUp" is-config="true" duration-ms="35868" started-at="2019-09-15T06:33:59Z" finished-at="2019-09-15T06:34:35Z">
          <params>
            <param index="0">
              <value>
                <![CDATA[firefox]]>
              </value>
            </param>
          </params>
          <reporter-output>
          </reporter-output>
        </test-method> <!-- setUp -->
        <test-method status="PASS" signature="loginTest()[pri:0, instance:com.capitalshare.testScripts.TC_LoginTest_001@204f30ec]" name="loginTest" duration-ms="2077" started-at="2019-09-15T06:34:35Z" finished-at="2019-09-15T06:34:37Z">
          <reporter-output>
          </reporter-output>
        </test-method> <!-- loginTest -->
        <test-method status="PASS" signature="tearDown()[pri:0, instance:com.capitalshare.testScripts.TC_LoginTest_001@204f30ec]" name="tearDown" is-config="true" duration-ms="13542" started-at="2019-09-15T06:34:37Z" finished-at="2019-09-15T06:34:51Z">
          <reporter-output>
          </reporter-output>
        </test-method> <!-- tearDown -->
      </class> <!-- com.capitalshare.testScripts.TC_LoginTest_001 -->
    </test> <!-- StockExchangeWeb Test -->
  </suite> <!-- CapitalShare -->
</testng-results>
